[debug] [2025-08-16T11:48:19.696Z] ----------------------------------------------------------------------
[debug] [2025-08-16T11:48:19.698Z] Command:       E:\node.exe C:\Users\ADMIN\AppData\Roaming\npm\node_modules\firebase-tools\lib\bin\firebase.js emulators:start --only firestore
[debug] [2025-08-16T11:48:19.699Z] CLI Version:   14.12.1
[debug] [2025-08-16T11:48:19.699Z] Platform:      win32
[debug] [2025-08-16T11:48:19.699Z] Node Version:  v22.18.0
[debug] [2025-08-16T11:48:19.699Z] Time:          Sat Aug 16 2025 18:48:19 GMT+0700 (Indochina Time)
[debug] [2025-08-16T11:48:19.699Z] ----------------------------------------------------------------------
[debug] 
[debug] [2025-08-16T11:48:19.922Z] > command requires scopes: ["email","openid","https://www.googleapis.com/auth/cloudplatformprojects.readonly","https://www.googleapis.com/auth/firebase","https://www.googleapis.com/auth/cloud-platform"]
[debug] [2025-08-16T11:48:19.922Z] > authorizing via signed-in user (zuka5467@gmail.com)
[debug] [2025-08-16T11:48:20.098Z] java version "24" 2025-03-18

[debug] [2025-08-16T11:48:20.099Z] Java(TM) SE Runtime Environment (build 24+36-3646)
Java HotSpot(TM) 64-Bit Server VM (build 24+36-3646, mixed mode, sharing)

[debug] [2025-08-16T11:48:20.115Z] Parsed Java major version: 24
[info] i  emulators: Starting emulators: firestore {"metadata":{"emulator":{"name":"hub"},"message":"Starting emulators: firestore"}}
[debug] [2025-08-16T11:48:20.126Z] [logging] Logging Emulator only supports listening on one address (127.0.0.1). Not listening on ::1
[debug] [2025-08-16T11:48:20.126Z] [firestore] Firestore Emulator only supports listening on one address (127.0.0.1). Not listening on ::1
[debug] [2025-08-16T11:48:20.126Z] [firestore.websocket] websocket server for firestore only supports listening on one address (127.0.0.1). Not listening on ::1
[debug] [2025-08-16T11:48:20.126Z] assigned listening specs for emulators {"user":{"hub":[{"address":"127.0.0.1","family":"IPv4","port":4400},{"address":"::1","family":"IPv6","port":4400}],"ui":[{"address":"127.0.0.1","family":"IPv4","port":4000},{"address":"::1","family":"IPv6","port":4000}],"logging":[{"address":"127.0.0.1","family":"IPv4","port":4500}],"firestore":[{"address":"127.0.0.1","family":"IPv4","port":8080}],"firestore.websocket":[{"address":"127.0.0.1","family":"IPv4","port":9150}]},"metadata":{"message":"assigned listening specs for emulators"}}
[debug] [2025-08-16T11:48:20.130Z] [hub] writing locator at C:\Users\ADMIN\AppData\Local\Temp\hub-reddit-clone-yt.json
[info] i  firestore: downloading cloud-firestore-emulator-v1.19.8.jar... {"metadata":{"emulator":{"name":"firestore"},"message":"downloading cloud-firestore-emulator-v1.19.8.jar..."}}
[debug] [2025-08-16T11:48:20.143Z] >>> [apiv2][query] GET https://storage.googleapis.com/firebase-preview-drop/emulator/cloud-firestore-emulator-v1.19.8.jar 
[debug] [2025-08-16T11:48:20.497Z] <<< [apiv2][status] GET https://storage.googleapis.com/firebase-preview-drop/emulator/cloud-firestore-emulator-v1.19.8.jar 200
[debug] [2025-08-16T11:48:20.497Z] <<< [apiv2][body] GET https://storage.googleapis.com/firebase-preview-drop/emulator/cloud-firestore-emulator-v1.19.8.jar [stream]
[debug] [2025-08-16T11:48:24.097Z] Ignoring unsupported arg: auto_download {"metadata":{"emulator":{"name":"firestore"},"message":"Ignoring unsupported arg: auto_download"}}
[debug] [2025-08-16T11:48:24.097Z] Ignoring unsupported arg: single_project_mode_error {"metadata":{"emulator":{"name":"firestore"},"message":"Ignoring unsupported arg: single_project_mode_error"}}
[debug] [2025-08-16T11:48:24.097Z] Starting Firestore Emulator with command {"binary":"java","args":["-Dgoogle.cloud_firestore.debug_log_level=FINE","-Duser.language=en","-jar","C:\\Users\\ADMIN\\.cache\\firebase\\emulators\\cloud-firestore-emulator-v1.19.8.jar","--host","127.0.0.1","--port",8080,"--websocket_port",9150,"--project_id","reddit-clone-yt","--rules","C:\\Users\\ADMIN\\Desktop\\AI\\web3-main\\firestore.rules","--single_project_mode",true],"optionalArgs":["port","webchannel_port","host","rules","websocket_port","functions_emulator","seed_from_export","project_id","single_project_mode"],"joinArgs":false,"shell":false,"port":8080} {"metadata":{"emulator":{"name":"firestore"},"message":"Starting Firestore Emulator with command {\"binary\":\"java\",\"args\":[\"-Dgoogle.cloud_firestore.debug_log_level=FINE\",\"-Duser.language=en\",\"-jar\",\"C:\\\\Users\\\\ADMIN\\\\.cache\\\\firebase\\\\emulators\\\\cloud-firestore-emulator-v1.19.8.jar\",\"--host\",\"127.0.0.1\",\"--port\",8080,\"--websocket_port\",9150,\"--project_id\",\"reddit-clone-yt\",\"--rules\",\"C:\\\\Users\\\\ADMIN\\\\Desktop\\\\AI\\\\web3-main\\\\firestore.rules\",\"--single_project_mode\",true],\"optionalArgs\":[\"port\",\"webchannel_port\",\"host\",\"rules\",\"websocket_port\",\"functions_emulator\",\"seed_from_export\",\"project_id\",\"single_project_mode\"],\"joinArgs\":false,\"shell\":false,\"port\":8080}"}}
[info] i  firestore: Firestore Emulator logging to firestore-debug.log {"metadata":{"emulator":{"name":"firestore"},"message":"Firestore Emulator logging to \u001b[1mfirestore-debug.log\u001b[22m"}}
[info] +  firestore: Firestore Emulator UI websocket is running on 9150. {"metadata":{"emulator":{"name":"firestore"},"message":"Firestore Emulator UI websocket is running on 9150."}}
[info] i  ui: downloading ui-v1.15.0.zip... {"metadata":{"emulator":{"name":"ui"},"message":"downloading ui-v1.15.0.zip..."}}
[debug] [2025-08-16T11:48:26.799Z] >>> [apiv2][query] GET https://storage.googleapis.com/firebase-preview-drop/emulator/ui-v1.15.0.zip 
[debug] [2025-08-16T11:48:26.999Z] <<< [apiv2][status] GET https://storage.googleapis.com/firebase-preview-drop/emulator/ui-v1.15.0.zip 200
[debug] [2025-08-16T11:48:26.999Z] <<< [apiv2][body] GET https://storage.googleapis.com/firebase-preview-drop/emulator/ui-v1.15.0.zip [stream]
[debug] [2025-08-16T11:48:27.184Z] Data is 3538469
[debug] [2025-08-16T11:48:27.184Z] [unzip] Entry: client/ (compressed_size=0 bytes, uncompressed_size=0 bytes)
[debug] [2025-08-16T11:48:27.184Z] [unzip] Processing entry: client\
[debug] [2025-08-16T11:48:27.184Z] [unzip] mkdir: C:\Users\ADMIN\.cache\firebase\emulators\ui-v1.15.0\client\
[debug] [2025-08-16T11:48:27.185Z] [unzip] Entry: client/favicon-16x16.png (compressed_size=293 bytes, uncompressed_size=293 bytes)
[debug] [2025-08-16T11:48:27.185Z] [unzip] Processing entry: client\favicon-16x16.png
[debug] [2025-08-16T11:48:27.185Z] [unzip] else mkdir: C:\Users\ADMIN\.cache\firebase\emulators\ui-v1.15.0\client
[debug] [2025-08-16T11:48:27.186Z] [unzip] Writing file: C:\Users\ADMIN\.cache\firebase\emulators\ui-v1.15.0\client\favicon-16x16.png
[debug] [2025-08-16T11:48:27.187Z] [unzip] Entry: client/safari-pinned-tab.svg (compressed_size=1433 bytes, uncompressed_size=2611 bytes)
[debug] [2025-08-16T11:48:27.187Z] [unzip] Processing entry: client\safari-pinned-tab.svg
[debug] [2025-08-16T11:48:27.187Z] [unzip] else mkdir: C:\Users\ADMIN\.cache\firebase\emulators\ui-v1.15.0\client
[debug] [2025-08-16T11:48:27.187Z] [unzip] deflating: C:\Users\ADMIN\.cache\firebase\emulators\ui-v1.15.0\client\safari-pinned-tab.svg
[debug] [2025-08-16T11:48:27.191Z] [unzip] Entry: client/favicon.ico (compressed_size=2933 bytes, uncompressed_size=13294 bytes)
[debug] [2025-08-16T11:48:27.191Z] [unzip] Processing entry: client\favicon.ico
[debug] [2025-08-16T11:48:27.192Z] [unzip] else mkdir: C:\Users\ADMIN\.cache\firebase\emulators\ui-v1.15.0\client
[debug] [2025-08-16T11:48:27.192Z] [unzip] deflating: C:\Users\ADMIN\.cache\firebase\emulators\ui-v1.15.0\client\favicon.ico
[debug] [2025-08-16T11:48:27.194Z] [unzip] Entry: client/index.html (compressed_size=1364 bytes, uncompressed_size=3071 bytes)
[debug] [2025-08-16T11:48:27.194Z] [unzip] Processing entry: client\index.html
[debug] [2025-08-16T11:48:27.194Z] [unzip] else mkdir: C:\Users\ADMIN\.cache\firebase\emulators\ui-v1.15.0\client
[debug] [2025-08-16T11:48:27.195Z] [unzip] deflating: C:\Users\ADMIN\.cache\firebase\emulators\ui-v1.15.0\client\index.html
[debug] [2025-08-16T11:48:27.197Z] [unzip] Entry: client/android-chrome-192x192.png (compressed_size=2684 bytes, uncompressed_size=2684 bytes)
[debug] [2025-08-16T11:48:27.198Z] [unzip] Processing entry: client\android-chrome-192x192.png
[debug] [2025-08-16T11:48:27.198Z] [unzip] else mkdir: C:\Users\ADMIN\.cache\firebase\emulators\ui-v1.15.0\client
[debug] [2025-08-16T11:48:27.198Z] [unzip] Writing file: C:\Users\ADMIN\.cache\firebase\emulators\ui-v1.15.0\client\android-chrome-192x192.png
[debug] [2025-08-16T11:48:27.200Z] [unzip] Entry: client/apple-touch-icon.png (compressed_size=2123 bytes, uncompressed_size=2152 bytes)
[debug] [2025-08-16T11:48:27.200Z] [unzip] Processing entry: client\apple-touch-icon.png
[debug] [2025-08-16T11:48:27.200Z] [unzip] else mkdir: C:\Users\ADMIN\.cache\firebase\emulators\ui-v1.15.0\client
[debug] [2025-08-16T11:48:27.201Z] [unzip] deflating: C:\Users\ADMIN\.cache\firebase\emulators\ui-v1.15.0\client\apple-touch-icon.png
[debug] [2025-08-16T11:48:27.203Z] [unzip] Entry: client/android-chrome-512x512.png (compressed_size=5369 bytes, uncompressed_size=5411 bytes)
[debug] [2025-08-16T11:48:27.204Z] [unzip] Processing entry: client\android-chrome-512x512.png
[debug] [2025-08-16T11:48:27.204Z] [unzip] else mkdir: C:\Users\ADMIN\.cache\firebase\emulators\ui-v1.15.0\client
[debug] [2025-08-16T11:48:27.205Z] [unzip] deflating: C:\Users\ADMIN\.cache\firebase\emulators\ui-v1.15.0\client\android-chrome-512x512.png
[debug] [2025-08-16T11:48:27.207Z] [unzip] Entry: client/manifest.json (compressed_size=245 bytes, uncompressed_size=551 bytes)
[debug] [2025-08-16T11:48:27.207Z] [unzip] Processing entry: client\manifest.json
[debug] [2025-08-16T11:48:27.207Z] [unzip] else mkdir: C:\Users\ADMIN\.cache\firebase\emulators\ui-v1.15.0\client
[debug] [2025-08-16T11:48:27.208Z] [unzip] deflating: C:\Users\ADMIN\.cache\firebase\emulators\ui-v1.15.0\client\manifest.json
[debug] [2025-08-16T11:48:27.211Z] [unzip] Entry: client/robots.txt (compressed_size=26 bytes, uncompressed_size=26 bytes)
[debug] [2025-08-16T11:48:27.211Z] [unzip] Processing entry: client\robots.txt
[debug] [2025-08-16T11:48:27.211Z] [unzip] else mkdir: C:\Users\ADMIN\.cache\firebase\emulators\ui-v1.15.0\client
[debug] [2025-08-16T11:48:27.212Z] [unzip] Writing file: C:\Users\ADMIN\.cache\firebase\emulators\ui-v1.15.0\client\robots.txt
[debug] [2025-08-16T11:48:27.214Z] [unzip] Entry: client/mstile-150x150.png (compressed_size=2034 bytes, uncompressed_size=2034 bytes)
[debug] [2025-08-16T11:48:27.214Z] [unzip] Processing entry: client\mstile-150x150.png
[debug] [2025-08-16T11:48:27.214Z] [unzip] else mkdir: C:\Users\ADMIN\.cache\firebase\emulators\ui-v1.15.0\client
[debug] [2025-08-16T11:48:27.215Z] [unzip] Writing file: C:\Users\ADMIN\.cache\firebase\emulators\ui-v1.15.0\client\mstile-150x150.png
[debug] [2025-08-16T11:48:27.217Z] [unzip] Entry: client/assets/ (compressed_size=0 bytes, uncompressed_size=0 bytes)
[debug] [2025-08-16T11:48:27.217Z] [unzip] Processing entry: client\assets\
[debug] [2025-08-16T11:48:27.217Z] [unzip] mkdir: C:\Users\ADMIN\.cache\firebase\emulators\ui-v1.15.0\client\assets\
[debug] [2025-08-16T11:48:27.218Z] [unzip] Entry: client/assets/index-BX-A56oj.js (compressed_size=582089 bytes, uncompressed_size=2092775 bytes)
[debug] [2025-08-16T11:48:27.218Z] [unzip] Processing entry: client\assets\index-BX-A56oj.js
[debug] [2025-08-16T11:48:27.219Z] [unzip] else mkdir: C:\Users\ADMIN\.cache\firebase\emulators\ui-v1.15.0\client\assets
[debug] [2025-08-16T11:48:27.219Z] [unzip] deflating: C:\Users\ADMIN\.cache\firebase\emulators\ui-v1.15.0\client\assets\index-BX-A56oj.js
[debug] [2025-08-16T11:48:27.237Z] [unzip] Entry: client/assets/index-CjB9C900.css (compressed_size=35979 bytes, uncompressed_size=298654 bytes)
[debug] [2025-08-16T11:48:27.237Z] [unzip] Processing entry: client\assets\index-CjB9C900.css
[debug] [2025-08-16T11:48:27.237Z] [unzip] else mkdir: C:\Users\ADMIN\.cache\firebase\emulators\ui-v1.15.0\client\assets
[debug] [2025-08-16T11:48:27.238Z] [unzip] deflating: C:\Users\ADMIN\.cache\firebase\emulators\ui-v1.15.0\client\assets\index-CjB9C900.css
[debug] [2025-08-16T11:48:27.241Z] [unzip] Entry: client/assets/index-BX-A56oj.js.map (compressed_size=2362482 bytes, uncompressed_size=10036679 bytes)
[debug] [2025-08-16T11:48:27.241Z] [unzip] Processing entry: client\assets\index-BX-A56oj.js.map
[debug] [2025-08-16T11:48:27.241Z] [unzip] else mkdir: C:\Users\ADMIN\.cache\firebase\emulators\ui-v1.15.0\client\assets
[debug] [2025-08-16T11:48:27.241Z] [unzip] deflating: C:\Users\ADMIN\.cache\firebase\emulators\ui-v1.15.0\client\assets\index-BX-A56oj.js.map
[debug] [2025-08-16T11:48:27.292Z] [unzip] Entry: client/assets/extensions/ (compressed_size=0 bytes, uncompressed_size=0 bytes)
[debug] [2025-08-16T11:48:27.292Z] [unzip] Processing entry: client\assets\extensions\
[debug] [2025-08-16T11:48:27.292Z] [unzip] mkdir: C:\Users\ADMIN\.cache\firebase\emulators\ui-v1.15.0\client\assets\extensions\
[debug] [2025-08-16T11:48:27.292Z] [unzip] Entry: client/assets/extensions/default-extension.png (compressed_size=1646 bytes, uncompressed_size=1657 bytes)
[debug] [2025-08-16T11:48:27.292Z] [unzip] Processing entry: client\assets\extensions\default-extension.png
[debug] [2025-08-16T11:48:27.292Z] [unzip] else mkdir: C:\Users\ADMIN\.cache\firebase\emulators\ui-v1.15.0\client\assets\extensions
[debug] [2025-08-16T11:48:27.293Z] [unzip] deflating: C:\Users\ADMIN\.cache\firebase\emulators\ui-v1.15.0\client\assets\extensions\default-extension.png
[debug] [2025-08-16T11:48:27.294Z] [unzip] Entry: client/assets/img/ (compressed_size=0 bytes, uncompressed_size=0 bytes)
[debug] [2025-08-16T11:48:27.294Z] [unzip] Processing entry: client\assets\img\
[debug] [2025-08-16T11:48:27.294Z] [unzip] mkdir: C:\Users\ADMIN\.cache\firebase\emulators\ui-v1.15.0\client\assets\img\
[debug] [2025-08-16T11:48:27.295Z] [unzip] Entry: client/assets/img/database.png (compressed_size=29449 bytes, uncompressed_size=29988 bytes)
[debug] [2025-08-16T11:48:27.295Z] [unzip] Processing entry: client\assets\img\database.png
[debug] [2025-08-16T11:48:27.295Z] [unzip] else mkdir: C:\Users\ADMIN\.cache\firebase\emulators\ui-v1.15.0\client\assets\img
[debug] [2025-08-16T11:48:27.296Z] [unzip] deflating: C:\Users\ADMIN\.cache\firebase\emulators\ui-v1.15.0\client\assets\img\database.png
[debug] [2025-08-16T11:48:27.297Z] [unzip] Entry: client/assets/provider-icons/ (compressed_size=0 bytes, uncompressed_size=0 bytes)
[debug] [2025-08-16T11:48:27.297Z] [unzip] Processing entry: client\assets\provider-icons\
[debug] [2025-08-16T11:48:27.297Z] [unzip] mkdir: C:\Users\ADMIN\.cache\firebase\emulators\ui-v1.15.0\client\assets\provider-icons\
[debug] [2025-08-16T11:48:27.298Z] [unzip] Entry: client/assets/provider-icons/auth_service_saml.svg (compressed_size=575 bytes, uncompressed_size=1226 bytes)
[debug] [2025-08-16T11:48:27.298Z] [unzip] Processing entry: client\assets\provider-icons\auth_service_saml.svg
[debug] [2025-08-16T11:48:27.298Z] [unzip] else mkdir: C:\Users\ADMIN\.cache\firebase\emulators\ui-v1.15.0\client\assets\provider-icons
[debug] [2025-08-16T11:48:27.298Z] [unzip] deflating: C:\Users\ADMIN\.cache\firebase\emulators\ui-v1.15.0\client\assets\provider-icons\auth_service_saml.svg
[debug] [2025-08-16T11:48:27.299Z] [unzip] Entry: client/assets/provider-icons/auth_service_phone.svg (compressed_size=261 bytes, uncompressed_size=414 bytes)
[debug] [2025-08-16T11:48:27.299Z] [unzip] Processing entry: client\assets\provider-icons\auth_service_phone.svg
[debug] [2025-08-16T11:48:27.299Z] [unzip] else mkdir: C:\Users\ADMIN\.cache\firebase\emulators\ui-v1.15.0\client\assets\provider-icons
[debug] [2025-08-16T11:48:27.300Z] [unzip] deflating: C:\Users\ADMIN\.cache\firebase\emulators\ui-v1.15.0\client\assets\provider-icons\auth_service_phone.svg
[debug] [2025-08-16T11:48:27.301Z] [unzip] Entry: client/assets/provider-icons/auth_service_facebook.svg (compressed_size=289 bytes, uncompressed_size=457 bytes)
[debug] [2025-08-16T11:48:27.301Z] [unzip] Processing entry: client\assets\provider-icons\auth_service_facebook.svg
[debug] [2025-08-16T11:48:27.301Z] [unzip] else mkdir: C:\Users\ADMIN\.cache\firebase\emulators\ui-v1.15.0\client\assets\provider-icons
[debug] [2025-08-16T11:48:27.302Z] [unzip] deflating: C:\Users\ADMIN\.cache\firebase\emulators\ui-v1.15.0\client\assets\provider-icons\auth_service_facebook.svg
[debug] [2025-08-16T11:48:27.304Z] [unzip] Entry: client/assets/provider-icons/auth_service_game_center.svg (compressed_size=991 bytes, uncompressed_size=3921 bytes)
[debug] [2025-08-16T11:48:27.304Z] [unzip] Processing entry: client\assets\provider-icons\auth_service_game_center.svg
[debug] [2025-08-16T11:48:27.304Z] [unzip] else mkdir: C:\Users\ADMIN\.cache\firebase\emulators\ui-v1.15.0\client\assets\provider-icons
[debug] [2025-08-16T11:48:27.304Z] [unzip] deflating: C:\Users\ADMIN\.cache\firebase\emulators\ui-v1.15.0\client\assets\provider-icons\auth_service_game_center.svg
[debug] [2025-08-16T11:48:27.305Z] [unzip] Entry: client/assets/provider-icons/auth_service_apple.svg (compressed_size=230 bytes, uncompressed_size=334 bytes)
[debug] [2025-08-16T11:48:27.305Z] [unzip] Processing entry: client\assets\provider-icons\auth_service_apple.svg
[debug] [2025-08-16T11:48:27.305Z] [unzip] else mkdir: C:\Users\ADMIN\.cache\firebase\emulators\ui-v1.15.0\client\assets\provider-icons
[debug] [2025-08-16T11:48:27.306Z] [unzip] deflating: C:\Users\ADMIN\.cache\firebase\emulators\ui-v1.15.0\client\assets\provider-icons\auth_service_apple.svg
[debug] [2025-08-16T11:48:27.307Z] [unzip] Entry: client/assets/provider-icons/auth_service_github.svg (compressed_size=466 bytes, uncompressed_size=838 bytes)
[debug] [2025-08-16T11:48:27.307Z] [unzip] Processing entry: client\assets\provider-icons\auth_service_github.svg
[debug] [2025-08-16T11:48:27.307Z] [unzip] else mkdir: C:\Users\ADMIN\.cache\firebase\emulators\ui-v1.15.0\client\assets\provider-icons
[debug] [2025-08-16T11:48:27.308Z] [unzip] deflating: C:\Users\ADMIN\.cache\firebase\emulators\ui-v1.15.0\client\assets\provider-icons\auth_service_github.svg
[debug] [2025-08-16T11:48:27.309Z] [unzip] Entry: client/assets/provider-icons/auth_service_mslive.svg (compressed_size=203 bytes, uncompressed_size=378 bytes)
[debug] [2025-08-16T11:48:27.309Z] [unzip] Processing entry: client\assets\provider-icons\auth_service_mslive.svg
[debug] [2025-08-16T11:48:27.309Z] [unzip] else mkdir: C:\Users\ADMIN\.cache\firebase\emulators\ui-v1.15.0\client\assets\provider-icons
[debug] [2025-08-16T11:48:27.310Z] [unzip] deflating: C:\Users\ADMIN\.cache\firebase\emulators\ui-v1.15.0\client\assets\provider-icons\auth_service_mslive.svg
[debug] [2025-08-16T11:48:27.311Z] [unzip] Entry: client/assets/provider-icons/auth_service_yahoo.svg (compressed_size=577 bytes, uncompressed_size=1182 bytes)
[debug] [2025-08-16T11:48:27.311Z] [unzip] Processing entry: client\assets\provider-icons\auth_service_yahoo.svg
[debug] [2025-08-16T11:48:27.311Z] [unzip] else mkdir: C:\Users\ADMIN\.cache\firebase\emulators\ui-v1.15.0\client\assets\provider-icons
[debug] [2025-08-16T11:48:27.312Z] [unzip] deflating: C:\Users\ADMIN\.cache\firebase\emulators\ui-v1.15.0\client\assets\provider-icons\auth_service_yahoo.svg
[debug] [2025-08-16T11:48:27.313Z] [unzip] Entry: client/assets/provider-icons/auth_service_twitter.svg (compressed_size=444 bytes, uncompressed_size=751 bytes)
[debug] [2025-08-16T11:48:27.313Z] [unzip] Processing entry: client\assets\provider-icons\auth_service_twitter.svg
[debug] [2025-08-16T11:48:27.313Z] [unzip] else mkdir: C:\Users\ADMIN\.cache\firebase\emulators\ui-v1.15.0\client\assets\provider-icons
[debug] [2025-08-16T11:48:27.314Z] [unzip] deflating: C:\Users\ADMIN\.cache\firebase\emulators\ui-v1.15.0\client\assets\provider-icons\auth_service_twitter.svg
[debug] [2025-08-16T11:48:27.315Z] [unzip] Entry: client/assets/provider-icons/auth_service_play_games.svg (compressed_size=565 bytes, uncompressed_size=1173 bytes)
[debug] [2025-08-16T11:48:27.315Z] [unzip] Processing entry: client\assets\provider-icons\auth_service_play_games.svg
[debug] [2025-08-16T11:48:27.316Z] [unzip] else mkdir: C:\Users\ADMIN\.cache\firebase\emulators\ui-v1.15.0\client\assets\provider-icons
[debug] [2025-08-16T11:48:27.316Z] [unzip] deflating: C:\Users\ADMIN\.cache\firebase\emulators\ui-v1.15.0\client\assets\provider-icons\auth_service_play_games.svg
[debug] [2025-08-16T11:48:27.317Z] [unzip] Entry: client/assets/provider-icons/auth_service_email.svg (compressed_size=228 bytes, uncompressed_size=326 bytes)
[debug] [2025-08-16T11:48:27.317Z] [unzip] Processing entry: client\assets\provider-icons\auth_service_email.svg
[debug] [2025-08-16T11:48:27.317Z] [unzip] else mkdir: C:\Users\ADMIN\.cache\firebase\emulators\ui-v1.15.0\client\assets\provider-icons
[debug] [2025-08-16T11:48:27.318Z] [unzip] deflating: C:\Users\ADMIN\.cache\firebase\emulators\ui-v1.15.0\client\assets\provider-icons\auth_service_email.svg
[debug] [2025-08-16T11:48:27.319Z] [unzip] Entry: client/assets/provider-icons/auth_service_google.svg (compressed_size=409 bytes, uncompressed_size=720 bytes)
[debug] [2025-08-16T11:48:27.319Z] [unzip] Processing entry: client\assets\provider-icons\auth_service_google.svg
[debug] [2025-08-16T11:48:27.320Z] [unzip] else mkdir: C:\Users\ADMIN\.cache\firebase\emulators\ui-v1.15.0\client\assets\provider-icons
[debug] [2025-08-16T11:48:27.320Z] [unzip] deflating: C:\Users\ADMIN\.cache\firebase\emulators\ui-v1.15.0\client\assets\provider-icons\auth_service_google.svg
[debug] [2025-08-16T11:48:27.322Z] [unzip] Entry: client/assets/provider-icons/auth_service_oidc.svg (compressed_size=414 bytes, uncompressed_size=858 bytes)
[debug] [2025-08-16T11:48:27.322Z] [unzip] Processing entry: client\assets\provider-icons\auth_service_oidc.svg
[debug] [2025-08-16T11:48:27.322Z] [unzip] else mkdir: C:\Users\ADMIN\.cache\firebase\emulators\ui-v1.15.0\client\assets\provider-icons
[debug] [2025-08-16T11:48:27.323Z] [unzip] deflating: C:\Users\ADMIN\.cache\firebase\emulators\ui-v1.15.0\client\assets\provider-icons\auth_service_oidc.svg
[debug] [2025-08-16T11:48:27.324Z] [unzip] Entry: client/browserconfig.xml (compressed_size=491 bytes, uncompressed_size=822 bytes)
[debug] [2025-08-16T11:48:27.324Z] [unzip] Processing entry: client\browserconfig.xml
[debug] [2025-08-16T11:48:27.324Z] [unzip] else mkdir: C:\Users\ADMIN\.cache\firebase\emulators\ui-v1.15.0\client
[debug] [2025-08-16T11:48:27.325Z] [unzip] deflating: C:\Users\ADMIN\.cache\firebase\emulators\ui-v1.15.0\client\browserconfig.xml
[debug] [2025-08-16T11:48:27.326Z] [unzip] Entry: client/favicon-32x32.png (compressed_size=475 bytes, uncompressed_size=475 bytes)
[debug] [2025-08-16T11:48:27.326Z] [unzip] Processing entry: client\favicon-32x32.png
[debug] [2025-08-16T11:48:27.326Z] [unzip] else mkdir: C:\Users\ADMIN\.cache\firebase\emulators\ui-v1.15.0\client
[debug] [2025-08-16T11:48:27.327Z] [unzip] Writing file: C:\Users\ADMIN\.cache\firebase\emulators\ui-v1.15.0\client\favicon-32x32.png
[debug] [2025-08-16T11:48:27.328Z] [unzip] Entry: server/ (compressed_size=0 bytes, uncompressed_size=0 bytes)
[debug] [2025-08-16T11:48:27.328Z] [unzip] Processing entry: server\
[debug] [2025-08-16T11:48:27.329Z] [unzip] mkdir: C:\Users\ADMIN\.cache\firebase\emulators\ui-v1.15.0\server\
[debug] [2025-08-16T11:48:27.329Z] [unzip] Entry: server/server.mjs.map (compressed_size=217845 bytes, uncompressed_size=944978 bytes)
[debug] [2025-08-16T11:48:27.330Z] [unzip] Processing entry: server\server.mjs.map
[debug] [2025-08-16T11:48:27.330Z] [unzip] else mkdir: C:\Users\ADMIN\.cache\firebase\emulators\ui-v1.15.0\server
[debug] [2025-08-16T11:48:27.331Z] [unzip] deflating: C:\Users\ADMIN\.cache\firebase\emulators\ui-v1.15.0\server\server.mjs.map
[debug] [2025-08-16T11:48:27.338Z] [unzip] Entry: server/server.mjs (compressed_size=276407 bytes, uncompressed_size=933701 bytes)
[debug] [2025-08-16T11:48:27.338Z] [unzip] Processing entry: server\server.mjs
[debug] [2025-08-16T11:48:27.338Z] [unzip] else mkdir: C:\Users\ADMIN\.cache\firebase\emulators\ui-v1.15.0\server
[debug] [2025-08-16T11:48:27.339Z] [unzip] deflating: C:\Users\ADMIN\.cache\firebase\emulators\ui-v1.15.0\server\server.mjs
[debug] [2025-08-16T11:48:27.354Z] Could not find VSCode notification endpoint: FetchError: request to http://localhost:40001/vscode/notify failed, reason: . If you are not running the Firebase Data Connect VSCode extension, this is expected and not an issue.
[info] 
┌─────────────────────────────────────────────────────────────┐
│ ✔  All emulators ready! It is now safe to connect your app. │
│ i  View Emulator UI at http://127.0.0.1:4000/               │
└─────────────────────────────────────────────────────────────┘

┌───────────┬────────────────┬─────────────────────────────────┐
│ Emulator  │ Host:Port      │ View in Emulator UI             │
├───────────┼────────────────┼─────────────────────────────────┤
│ Firestore │ 127.0.0.1:8080 │ http://127.0.0.1:4000/firestore │
└───────────┴────────────────┴─────────────────────────────────┘
  Emulator Hub host: 127.0.0.1 port: 4400
  Other reserved ports: 4500, 9150

Issues? Report them at https://github.com/firebase/firebase-tools/issues and attach the *-debug.log files.
 
[debug] [2025-08-16T11:52:03.072Z] Received signal SIGHUP 1
[info]  
[info] i  emulators: Received SIGHUP for the first time. Starting a clean shutdown. 
[info] i  emulators: Please wait for a clean shutdown or send the SIGHUP signal again to stop right now. 
[info] i  emulators: Shutting down emulators. {"metadata":{"emulator":{"name":"hub"},"message":"Shutting down emulators."}}
[info] i  ui: Stopping Emulator UI {"metadata":{"emulator":{"name":"ui"},"message":"Stopping Emulator UI"}}
[info] i  firestore: Stopping Firestore Emulator {"metadata":{"emulator":{"name":"firestore"},"message":"Stopping Firestore Emulator"}}
[warn] !  Firestore Emulator has exited upon receiving signal: SIGINT 
[info] i  hub: Stopping emulator hub {"metadata":{"emulator":{"name":"hub"},"message":"Stopping emulator hub"}}
[info] i  logging: Stopping Logging Emulator {"metadata":{"emulator":{"name":"logging"},"message":"Stopping Logging Emulator"}}
[debug] [2025-08-16T11:52:03.088Z] Could not find VSCode notification endpoint: FetchError: request to http://localhost:40001/vscode/notify failed, reason: . If you are not running the Firebase Data Connect VSCode extension, this is expected and not an issue.
[debug] [2025-08-16T11:53:05.693Z] ----------------------------------------------------------------------
[debug] [2025-08-16T11:53:05.695Z] Command:       E:\node.exe C:\Users\ADMIN\AppData\Roaming\npm\node_modules\firebase-tools\lib\bin\firebase.js deploy --only firestore:rules
[debug] [2025-08-16T11:53:05.696Z] CLI Version:   14.12.1
[debug] [2025-08-16T11:53:05.696Z] Platform:      win32
[debug] [2025-08-16T11:53:05.696Z] Node Version:  v22.18.0
[debug] [2025-08-16T11:53:05.696Z] Time:          Sat Aug 16 2025 18:53:05 GMT+0700 (Indochina Time)
[debug] [2025-08-16T11:53:05.696Z] ----------------------------------------------------------------------
[debug] 
[debug] [2025-08-16T11:53:05.873Z] > command requires scopes: ["email","openid","https://www.googleapis.com/auth/cloudplatformprojects.readonly","https://www.googleapis.com/auth/firebase","https://www.googleapis.com/auth/cloud-platform"]
[debug] [2025-08-16T11:53:05.873Z] > authorizing via signed-in user (zuka5467@gmail.com)
[debug] [2025-08-16T11:53:05.874Z] [iam] checking project reddit-clone-yt for permissions ["datastore.indexes.create","datastore.indexes.delete","datastore.indexes.list","datastore.indexes.update","firebase.projects.get"]
[debug] [2025-08-16T11:53:05.874Z] Checked if tokens are valid: true, expires at: 1755348342377
[debug] [2025-08-16T11:53:05.875Z] Checked if tokens are valid: true, expires at: 1755348342377
[debug] [2025-08-16T11:53:05.875Z] >>> [apiv2][query] POST https://cloudresourcemanager.googleapis.com/v1/projects/reddit-clone-yt:testIamPermissions [none]
[debug] [2025-08-16T11:53:05.875Z] >>> [apiv2][(partial)header] POST https://cloudresourcemanager.googleapis.com/v1/projects/reddit-clone-yt:testIamPermissions x-goog-quota-user=projects/reddit-clone-yt
[debug] [2025-08-16T11:53:05.875Z] >>> [apiv2][body] POST https://cloudresourcemanager.googleapis.com/v1/projects/reddit-clone-yt:testIamPermissions {"permissions":["datastore.indexes.create","datastore.indexes.delete","datastore.indexes.list","datastore.indexes.update","firebase.projects.get"]}
[debug] [2025-08-16T11:53:06.995Z] <<< [apiv2][status] POST https://cloudresourcemanager.googleapis.com/v1/projects/reddit-clone-yt:testIamPermissions 200
[debug] [2025-08-16T11:53:06.995Z] <<< [apiv2][body] POST https://cloudresourcemanager.googleapis.com/v1/projects/reddit-clone-yt:testIamPermissions {}
[debug] [2025-08-16T11:53:06.996Z] [iam] error while checking permissions, command may fail: Authorization failed. This account is missing the following required permissions on project reddit-clone-yt:

  datastore.indexes.create
  datastore.indexes.delete
  datastore.indexes.list
  datastore.indexes.update
  firebase.projects.get
[info] 
[info] === Deploying to 'reddit-clone-yt'...
[info] 
[info] i  deploying firestore 
[info] i  firestore: reading indexes from firestore.indexes.json... 
[info] i  cloud.firestore: checking firestore.rules for compilation errors... 
[debug] [2025-08-16T11:53:06.999Z] Checked if tokens are valid: true, expires at: 1755348342377
[debug] [2025-08-16T11:53:06.999Z] Checked if tokens are valid: true, expires at: 1755348342377
[debug] [2025-08-16T11:53:06.999Z] >>> [apiv2][query] POST https://firebaserules.googleapis.com/v1/projects/reddit-clone-yt:test [none]
[debug] [2025-08-16T11:53:06.999Z] >>> [apiv2][body] POST https://firebaserules.googleapis.com/v1/projects/reddit-clone-yt:test [omitted]
